2023-04-15 22:57:34,250 INFO o.h.v.i.u.Version [background-preinit] HV000001: Hibernate Validator 8.0.0.Final
2023-04-15 22:57:34,274 INFO o.s.b.StartupInfoLogger [restartedMain] Starting MyBooksRestApiApplication using Java 19.0.2 with PID 954 (/Users/diken/Documents/intellijDir/meus-livros/target/classes started by diken in /Users/diken/Documents/intellijDir/meus-livros)
2023-04-15 22:57:34,276 INFO o.s.b.SpringApplication [restartedMain] The following 1 profile is active: "test"
2023-04-15 22:57:34,296 INFO o.s.b.l.DeferredLog [restartedMain] Devtools property defaults active! Set 'spring.devtools.add-properties' to 'false' to disable
2023-04-15 22:57:34,296 INFO o.s.b.l.DeferredLog [restartedMain] For additional web related logging consider setting the 'logging.level.web' property to 'DEBUG'
2023-04-15 22:57:34,668 INFO o.s.d.r.c.RepositoryConfigurationDelegate [restartedMain] Bootstrapping Spring Data JPA repositories in DEFAULT mode.
2023-04-15 22:57:34,700 INFO o.s.d.r.c.RepositoryConfigurationDelegate [restartedMain] Finished Spring Data repository scanning in 27 ms. Found 3 JPA repository interfaces.
2023-04-15 22:57:35,015 INFO o.s.b.w.e.t.TomcatWebServer [restartedMain] Tomcat initialized with port(s): 8080 (http)
2023-04-15 22:57:35,060 INFO o.s.b.w.s.c.ServletWebServerApplicationContext [restartedMain] Root WebApplicationContext: initialization completed in 764 ms
2023-04-15 22:57:35,170 INFO o.s.b.a.h.H2ConsoleAutoConfiguration [restartedMain] H2 console available at '/h2-console'. Database available at 'jdbc:h2:mem:042fe6d2-a4e8-4514-9709-03bc52b6a503'
2023-04-15 22:57:35,228 INFO o.h.j.i.u.LogHelper [restartedMain] HHH000204: Processing PersistenceUnitInfo [name: default]
2023-04-15 22:57:35,257 INFO o.h.Version [restartedMain] HHH000412: Hibernate ORM core version 6.2.0.Final
2023-04-15 22:57:35,259 INFO o.h.c.Environment [restartedMain] HHH000406: Using bytecode reflection optimizer
2023-04-15 22:57:35,318 INFO o.h.b.i.BytecodeProviderInitiator [restartedMain] HHH000021: Bytecode provider name : bytebuddy
2023-04-15 22:57:35,374 INFO o.s.o.j.p.SpringPersistenceUnitInfo [restartedMain] No LoadTimeWeaver setup: ignoring JPA class transformer
2023-04-15 22:57:35,404 INFO o.h.e.j.d.i.DialectFactoryImpl [restartedMain] HHH000400: Using dialect: org.hibernate.dialect.H2Dialect
2023-04-15 22:57:35,501 INFO o.h.b.i.BytecodeProviderInitiator [restartedMain] HHH000021: Bytecode provider name : bytebuddy
2023-04-15 22:57:35,814 INFO o.h.e.t.j.p.i.JtaPlatformInitiator [restartedMain] HHH000490: Using JtaPlatform implementation: [org.hibernate.engine.transaction.jta.platform.internal.NoJtaPlatform]
2023-04-15 22:57:35,831 INFO o.h.t.s.i.e.GenerationTargetToDatabase [restartedMain] HHH000476: Executing script '[injected ScriptSourceInputNonExistentImpl script]'
2023-04-15 22:57:35,832 INFO o.s.o.j.AbstractEntityManagerFactoryBean [restartedMain] Initialized JPA EntityManagerFactory for persistence unit 'default'
2023-04-15 22:57:36,460 WARN o.s.b.a.t.ThymeleafAutoConfiguration$DefaultTemplateResolverConfiguration [restartedMain] Cannot find template location: classpath:/templates/ (please add some templates, check your Thymeleaf configuration, or set spring.thymeleaf.check-template-location=false)
2023-04-15 22:57:36,511 INFO o.s.b.d.a.OptionalLiveReloadServer [restartedMain] LiveReload server is running on port 35729
2023-04-15 22:57:36,527 INFO o.s.b.w.e.t.TomcatWebServer [restartedMain] Tomcat started on port(s): 8080 (http) with context path ''
2023-04-15 22:57:36,533 INFO o.s.b.StartupInfoLogger [restartedMain] Started MyBooksRestApiApplication in 2.476 seconds (process running for 7.996)
2023-04-15 23:00:35,952 INFO o.s.w.s.FrameworkServlet [http-nio-8080-exec-1] Initializing Servlet 'dispatcherServlet'
2023-04-15 23:00:35,957 INFO o.s.w.s.FrameworkServlet [http-nio-8080-exec-1] Completed initialization in 3 ms
2023-04-15 23:01:23,930 INFO o.s.o.j.AbstractEntityManagerFactoryBean [SpringApplicationShutdownHook] Closing JPA EntityManagerFactory for persistence unit 'default'
2023-04-15 23:01:23,931 INFO o.h.t.s.i.SchemaDropperImpl$DelayedDropActionImpl [SpringApplicationShutdownHook] HHH000477: Starting delayed evictData of schema as part of SessionFactory shut-down'
2023-04-15 23:01:24,138 WARN o.s.b.f.s.DisposableBeanAdapter [SpringApplicationShutdownHook] Invocation of destroy method failed on bean with name 'inMemoryDatabaseShutdownExecutor': org.h2.jdbc.JdbcSQLNonTransientConnectionException: Database is already closed (to disable automatic closing at VM shutdown, add ";DB_CLOSE_ON_EXIT=FALSE" to the db URL) [90121-214]
